<?xml version="1.0" encoding="UTF-8"?>
<!-- Generated by org.testng.reporters.JUnitReportReporter -->
<testsuite skipped="0" hostname="LAPTOP-SV45NM6H" name="com.jobappliaction.PersonalInfoTests" tests="4" failures="0" timestamp="24 Jun 2018 20:19:56 GMT" time="23.291" errors="0">
  <testcase name="fullNameEmptyTest" time="3.481" classname="com.jobappliaction.PersonalInfoTests"/>
  <testcase name="submitFullApplication" time="6.546" classname="com.jobappliaction.PersonalInfoTests"/>
  <testcase name="verifyIpAddress" time="1.456" classname="com.jobappliaction.PersonalInfoTests"/>
  <testcase name="verifyEmail" time="11.808" classname="com.jobappliaction.PersonalInfoTests"/>
</testsuite> <!-- com.jobappliaction.PersonalInfoTests -->
